[debug] [2024-01-03T19:42:31.656Z] ----------------------------------------------------------------------
[debug] [2024-01-03T19:42:31.659Z] Command:       C:\Program Files\nodejs\node.exe C:\Users\New\AppData\Roaming\npm\node_modules\firebase-tools\lib\bin\firebase.js init
[debug] [2024-01-03T19:42:31.659Z] CLI Version:   13.0.2
[debug] [2024-01-03T19:42:31.660Z] Platform:      win32
[debug] [2024-01-03T19:42:31.660Z] Node Version:  v20.10.0
[debug] [2024-01-03T19:42:31.660Z] Time:          Thu Jan 04 2024 01:12:31 GMT+0530 (India Standard Time)
[debug] [2024-01-03T19:42:31.660Z] ----------------------------------------------------------------------
[debug] 
[debug] [2024-01-03T19:42:31.663Z] >>> [apiv2][query] GET https://firebase-public.firebaseio.com/cli.json [none]
[debug] [2024-01-03T19:42:31.719Z] > command requires scopes: ["email","openid","https://www.googleapis.com/auth/cloudplatformprojects.readonly","https://www.googleapis.com/auth/firebase","https://www.googleapis.com/auth/cloud-platform"]
[debug] [2024-01-03T19:42:31.719Z] > authorizing via signed-in user (anithakdvp@gmail.com)
[info] 
     ######## #### ########  ######## ########     ###     ######  ########
     ##        ##  ##     ## ##       ##     ##  ##   ##  ##       ##
     ######    ##  ########  ######   ########  #########  ######  ######
     ##        ##  ##    ##  ##       ##     ## ##     ##       ## ##
     ##       #### ##     ## ######## ########  ##     ##  ######  ########

You're about to initialize a Firebase project in this directory:

  C:\Users\New\Desktop\React\trillo-flex

[debug] [2024-01-03T19:42:32.399Z] <<< [apiv2][status] GET https://firebase-public.firebaseio.com/cli.json 200
[debug] [2024-01-03T19:42:32.402Z] <<< [apiv2][body] GET https://firebase-public.firebaseio.com/cli.json {"cloudBuildErrorAfter":1594252800000,"cloudBuildWarnAfter":1590019200000,"defaultNode10After":1594252800000,"minVersion":"3.0.5","node8DeploysDisabledAfter":1613390400000,"node8RuntimeDisabledAfter":1615809600000,"node8WarnAfter":1600128000000}
[info] 
=== Project Setup
[info] 
[info] First, let's associate this project directory with a Firebase project.
[info] You can create multiple project aliases by running firebase use --add, 
[info] but for now we'll just set up a default project.
[info] 
[debug] [2024-01-03T19:43:43.206Z] > refreshing access token with scopes: []
[debug] [2024-01-03T19:43:43.208Z] >>> [apiv2][query] POST https://www.googleapis.com/oauth2/v3/token [none]
[debug] [2024-01-03T19:43:43.208Z] >>> [apiv2][body] POST https://www.googleapis.com/oauth2/v3/token [omitted]
[debug] [2024-01-03T19:43:43.367Z] <<< [apiv2][status] POST https://www.googleapis.com/oauth2/v3/token 200
[debug] [2024-01-03T19:43:43.367Z] <<< [apiv2][body] POST https://www.googleapis.com/oauth2/v3/token [omitted]
[debug] [2024-01-03T19:43:43.400Z] >>> [apiv2][query] GET https://firebase.googleapis.com/v1beta1/projects pageSize=100
[debug] [2024-01-03T19:43:44.306Z] <<< [apiv2][status] GET https://firebase.googleapis.com/v1beta1/projects 200
[debug] [2024-01-03T19:43:44.307Z] <<< [apiv2][body] GET https://firebase.googleapis.com/v1beta1/projects [omitted]
[info] i  Using project trillo-project-1d190 (Trillo project) 
[info] 
=== Hosting Setup
[debug] [2024-01-03T19:43:58.394Z] >>> [apiv2][query] GET https://firebase.googleapis.com/v1beta1/projects/trillo-project-1d190 [none]
[debug] [2024-01-03T19:43:59.056Z] <<< [apiv2][status] GET https://firebase.googleapis.com/v1beta1/projects/trillo-project-1d190 200
[debug] [2024-01-03T19:43:59.057Z] <<< [apiv2][body] GET https://firebase.googleapis.com/v1beta1/projects/trillo-project-1d190 {"projectId":"trillo-project-1d190","projectNumber":"54870602183","displayName":"Trillo project","name":"projects/trillo-project-1d190","resources":{"hostingSite":"trillo-project-1d190"},"state":"ACTIVE","etag":"1_26f8c8cc-6440-49fc-b130-416bf7449d2e"}
[info] 
[info] Your public directory is the folder (relative to your project directory) that
[info] will contain Hosting assets to be uploaded with firebase deploy. If you
[info] have a build process for your assets, use your build's output directory.
[info] 
[debug] [2024-01-03T19:44:46.179Z] >>> [apiv2][query] GET https://www.gstatic.com/firebasejs/releases.json [none]
[debug] [2024-01-03T19:44:46.257Z] <<< [apiv2][status] GET https://www.gstatic.com/firebasejs/releases.json 200
[debug] [2024-01-03T19:44:46.257Z] <<< [apiv2][body] GET https://www.gstatic.com/firebasejs/releases.json {"current":{"version":"10.7.1","browserURL":"https://www.gstatic.com/firebasejs/10.7.1/firebase.js","packageURL":"https://www.gstatic.com/firebasejs/10.7.1/firebase.tgz"},"live":{"version":"10.7","browserURL":"https://www.gstatic.com/firebasejs/live/10.7/firebase.js","packageURL":"https://www.gstatic.com/firebasejs/live/10.7/firebase.tgz"},"components":{"analytics":"https://www.gstatic.com/firebasejs/10.7.1/firebase-analytics.js","app":"https://www.gstatic.com/firebasejs/10.7.1/firebase-app.js","app-check":"https://www.gstatic.com/firebasejs/10.7.1/firebase-app-check.js","auth":"https://www.gstatic.com/firebasejs/10.7.1/firebase-auth.js","auth/cordova":"https://www.gstatic.com/firebasejs/10.7.1/firebase-auth/cordova.js","functions":"https://www.gstatic.com/firebasejs/10.7.1/firebase-functions.js","firestore":"https://www.gstatic.com/firebasejs/10.7.1/firebase-firestore.js","firestore/lite":"https://www.gstatic.com/firebasejs/10.7.1/firebase-firestore/lite.js","installations":"https://www.gstatic.com/firebasejs/10.7.1/firebase-installations.js","storage":"https://www.gstatic.com/firebasejs/10.7.1/firebase-storage.js","performance":"https://www.gstatic.com/firebasejs/10.7.1/firebase-performance.js","remote-config":"https://www.gstatic.com/firebasejs/10.7.1/firebase-remote-config.js","messaging":"https://www.gstatic.com/firebasejs/10.7.1/firebase-messaging.js","messaging/sw":"https://www.gstatic.com/firebasejs/10.7.1/firebase-messaging/sw.js","database":"https://www.gstatic.com/firebasejs/10.7.1/firebase-database.js","firestore.memory":"https://www.gstatic.com/firebasejs/10.7.1/firebase-firestore.memory.js"}}
[info] i  Skipping write of build/index.html 
[info] 
[info] i  Didn't detect a .git folder. Assuming C:\Users\New\Desktop\React\trillo-flex is the project root. 
[info] i  Authorizing with GitHub to upload your service account to a GitHub repository's secrets store. 
[info] 
[info] Visit this URL on this device to log in:
[info] https://github.com/login/oauth/authorize?client_id=89cf50f02ac6aaed3484&state=175693680&redirect_uri=http%3A%2F%2Flocalhost%3A9005&scope=read%3Auser%20repo%20public_repo
[info] 
[info] Waiting for authentication...
[debug] [2024-01-03T19:45:12.727Z] >>> [apiv2][query] POST https://github.com/login/oauth/access_token [none]
[debug] [2024-01-03T19:45:12.727Z] >>> [apiv2][body] POST https://github.com/login/oauth/access_token [stream]
[debug] [2024-01-03T19:45:13.130Z] <<< [apiv2][status] POST https://github.com/login/oauth/access_token 200
[debug] [2024-01-03T19:45:13.130Z] <<< [apiv2][body] POST https://github.com/login/oauth/access_token {"access_token":"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","token_type":"bearer","scope":"read:user,repo"}
[debug] [2024-01-03T19:45:13.144Z] >>> [apiv2][query] GET https://api.github.com/user [none]
[debug] [2024-01-03T19:45:13.616Z] <<< [apiv2][status] GET https://api.github.com/user 200
[debug] [2024-01-03T19:45:13.617Z] <<< [apiv2][body] GET https://api.github.com/user {"login":"AnithaKuppusamy04","id":154425826,"node_id":"U_kgDOCTRZ4g","avatar_url":"https://avatars.githubusercontent.com/u/154425826?v=4","gravatar_id":"","url":"https://api.github.com/users/AnithaKuppusamy04","html_url":"https://github.com/AnithaKuppusamy04","followers_url":"https://api.github.com/users/AnithaKuppusamy04/followers","following_url":"https://api.github.com/users/AnithaKuppusamy04/following{/other_user}","gists_url":"https://api.github.com/users/AnithaKuppusamy04/gists{/gist_id}","starred_url":"https://api.github.com/users/AnithaKuppusamy04/starred{/owner}{/repo}","subscriptions_url":"https://api.github.com/users/AnithaKuppusamy04/subscriptions","organizations_url":"https://api.github.com/users/AnithaKuppusamy04/orgs","repos_url":"https://api.github.com/users/AnithaKuppusamy04/repos","events_url":"https://api.github.com/users/AnithaKuppusamy04/events{/privacy}","received_events_url":"https://api.github.com/users/AnithaKuppusamy04/received_events","type":"User","site_admin":false,"name":null,"company":null,"blog":"","location":null,"email":null,"hireable":null,"bio":null,"twitter_username":null,"public_repos":4,"public_gists":0,"followers":0,"following":0,"created_at":"2023-12-20T10:41:17Z","updated_at":"2023-12-27T20:36:40Z","private_gists":0,"total_private_repos":0,"owned_private_repos":0,"disk_usage":366,"collaborators":0,"two_factor_authentication":false,"plan":{"name":"free","space":976562499,"collaborators":0,"private_repos":10000}}
[info] 
[info] +  Success! Logged into GitHub as AnithaKuppusamy04 
[info] 
